#
# There is insufficient memory for the Java Runtime Environment to continue.
# Native memory allocation (malloc) failed to allocate 4092 bytes for AllocateHeap
# Possible reasons:
#   The system is out of physical RAM or swap space
#   In 32 bit mode, the process size limit was hit
# Possible solutions:
#   Reduce memory load on the system
#   Increase physical memory or swap space
#   Check if swap backing store is full
#   Use 64 bit Java on a 64 bit OS
#   Decrease Java heap size (-Xmx/-Xms)
#   Decrease number of Java threads
#   Decrease Java thread stack sizes (-Xss)
#   Set larger code cache with -XX:ReservedCodeCacheSize=
# This output file may be truncated or incomplete.
#
#  Out of Memory Error (memory/allocation.inline.hpp:61), pid=13700, tid=0x00003c28
#
# JRE version: Java(TM) SE Runtime Environment (8.0_111-b14) (build 1.8.0_111-b14)
# Java VM: Java HotSpot(TM) Client VM (25.111-b14 mixed mode windows-x86 )
# Failed to write core dump. Minidumps are not enabled by default on client versions of Windows
#

---------------  T H R E A D  ---------------

Current thread (0x030ae800):  VMThread [stack: 0x158f0000,0x15940000] [id=15400]

Stack: [0x158f0000,0x15940000],  sp=0x1593f03c,  free space=316k
Native frames: (J=compiled Java code, j=interpreted, Vv=VM code, C=native code)
V  [jvm.dll+0x1aa2bb]
V  [jvm.dll+0x1a2ac8]
V  [jvm.dll+0x9455d]
V  [jvm.dll+0xbabbf]
V  [jvm.dll+0xbfff5]
V  [jvm.dll+0x1b5861]
V  [jvm.dll+0x1b5a5c]
V  [jvm.dll+0x17a5a3]
V  [jvm.dll+0x1790da]
V  [jvm.dll+0x98100]
V  [jvm.dll+0x993f1]
V  [jvm.dll+0x9b190]
V  [jvm.dll+0x9b5f9]
V  [jvm.dll+0x9a39f]
V  [jvm.dll+0xa6632]
V  [jvm.dll+0x98fc3]
V  [jvm.dll+0x92f35]
V  [jvm.dll+0x1b8c86]
V  [jvm.dll+0x182fcb]
V  [jvm.dll+0x1823d1]
V  [jvm.dll+0x1827e7]
V  [jvm.dll+0x1829e2]
V  [jvm.dll+0x1c29c6]
C  [msvcr100.dll+0x5c556]
C  [msvcr100.dll+0x5c600]
C  [KERNEL32.DLL+0x16359]
C  [ntdll.dll+0x67c24]
C  [ntdll.dll+0x67bf4]

VM_Operation (0x0178f804): GenCollectForAllocation, mode: safepoint, requested by thread 0x030fd800


---------------  P R O C E S S  ---------------

Java Threads: ( => current thread )
  0x15fd5000 JavaThread "Java2D Disposer" daemon [_thread_blocked, id=7080, stack(0x16400000,0x16450000)]
  0x15738800 JavaThread "Service Thread" daemon [_thread_blocked, id=14004, stack(0x15d70000,0x15dc0000)]
  0x1572b400 JavaThread "C1 CompilerThread0" daemon [_thread_blocked, id=1980, stack(0x15ce0000,0x15d30000)]
  0x1572a400 JavaThread "Attach Listener" daemon [_thread_blocked, id=15100, stack(0x15c50000,0x15ca0000)]
  0x15728400 JavaThread "Signal Dispatcher" daemon [_thread_blocked, id=32, stack(0x15bc0000,0x15c10000)]
  0x1570b000 JavaThread "Finalizer" daemon [_thread_blocked, id=11108, stack(0x15a10000,0x15a60000)]
  0x156f5000 JavaThread "Reference Handler" daemon [_thread_blocked, id=14276, stack(0x15980000,0x159d0000)]
  0x030fd800 JavaThread "main" [_thread_blocked, id=15036, stack(0x01740000,0x01790000)]

Other Threads:
=>0x030ae800 VMThread [stack: 0x158f0000,0x15940000] [id=15400]
  0x1574c800 WatcherThread [stack: 0x15e00000,0x15e50000] [id=328]

VM state:at safepoint (normal execution)

VM Mutex/Monitor currently owned by a thread:  ([mutex/lock_event])
[0x030fc1e8] Threads_lock - owner thread: 0x030ae800
[0x030fd148] Heap_lock - owner thread: 0x030fd800

Heap:
 def new generation   total 20288K, used 20084K [0x05200000, 0x06800000, 0x0a750000)
  eden space 18048K,  98% used [0x05200000, 0x0636d0b8, 0x063a0000)
  from space 2240K, 100% used [0x063a0000, 0x065d0000, 0x065d0000)
  to   space 2240K,   0% used [0x065d0000, 0x065d0000, 0x06800000)
 tenured generation   total 70100K, used 69996K [0x0a750000, 0x0ebc5000, 0x15200000)
   the space 70100K,  99% used [0x0a750000, 0x0ebab128, 0x0ebab200, 0x0ebc5000)
 Metaspace       used 5624K, capacity 5803K, committed 5888K, reserved 6528K

Card table byte_map: [0x15200000,0x15290000] byte_map_base: 0x151d7000

Polling page: 0x01700000

CodeCache: size=32768Kb used=2446Kb max_used=2446Kb free=30321Kb
 bounds [0x03100000, 0x03368000, 0x05100000]
 total_blobs=1391 nmethods=1193 adapters=128
 compilation: enabled

Compilation events (10 events):
Event: 4.978 Thread 0x1572b400 1226             java.util.HashMap::<init> (8 bytes)
Event: 4.979 Thread 0x1572b400 nmethod 1226 0x03363448 code [0x03363560, 0x033635fc]
Event: 4.979 Thread 0x1572b400 1227             java.io.OutputStream::flush (1 bytes)
Event: 4.979 Thread 0x1572b400 nmethod 1227 0x03363648 code [0x03363740, 0x033637c0]
Event: 4.980 Thread 0x1572b400 1228             org.apache.pdfbox.io.RandomAccessInputStream::<init> (15 bytes)
Event: 4.980 Thread 0x1572b400 nmethod 1228 0x03363808 code [0x03363900, 0x033639a0]
Event: 4.983 Thread 0x1572b400 1229             org.apache.pdfbox.io.RandomAccessOutputStream::<init> (10 bytes)
Event: 4.983 Thread 0x1572b400 nmethod 1229 0x03363a08 code [0x03363b00, 0x03363b90]
Event: 4.985 Thread 0x1572b400 1230             java.util.zip.DeflaterOutputStream::finish (35 bytes)
Event: 4.985 Thread 0x1572b400 nmethod 1230 0x03363bc8 code [0x03363cf0, 0x0336423c]

GC Heap History (10 events):
Event: 4.707 GC heap after
Heap after GC invocations=189 (full 3):
 def new generation   total 16192K, used 1792K [0x05200000, 0x06390000, 0x0a750000)
  eden space 14400K,   0% used [0x05200000, 0x05200000, 0x06010000)
  from space 1792K, 100% used [0x06010000, 0x061d0000, 0x061d0000)
  to   space 1792K,   0% used [0x061d0000, 0x061d0000, 0x06390000)
 tenured generation   total 35888K, used 34022K [0x0a750000, 0x0ca5c000, 0x15200000)
   the space 35888K,  94% used [0x0a750000, 0x0c889960, 0x0c889a00, 0x0ca5c000)
 Metaspace       used 5593K, capacity 5771K, committed 5888K, reserved 6528K
}
Event: 4.740 GC heap before
{Heap before GC invocations=189 (full 3):
 def new generation   total 16192K, used 16095K [0x05200000, 0x06390000, 0x0a750000)
  eden space 14400K,  99% used [0x05200000, 0x05ff7e88, 0x06010000)
  from space 1792K, 100% used [0x06010000, 0x061d0000, 0x061d0000)
  to   space 1792K,   0% used [0x061d0000, 0x061d0000, 0x06390000)
 tenured generation   total 35888K, used 34022K [0x0a750000, 0x0ca5c000, 0x15200000)
   the space 35888K,  94% used [0x0a750000, 0x0c889960, 0x0c889a00, 0x0ca5c000)
 Metaspace       used 5624K, capacity 5803K, committed 5888K, reserved 6528K
Event: 4.783 GC heap after
Heap after GC invocations=190 (full 4):
 def new generation   total 20288K, used 0K [0x05200000, 0x06800000, 0x0a750000)
  eden space 18048K,   0% used [0x05200000, 0x05200000, 0x063a0000)
  from space 2240K,   0% used [0x063a0000, 0x063a0000, 0x065d0000)
  to   space 2240K,   0% used [0x065d0000, 0x065d0000, 0x06800000)
 tenured generation   total 45000K, used 41222K [0x0a750000, 0x0d342000, 0x15200000)
   the space 45000K,  91% used [0x0a750000, 0x0cf919d8, 0x0cf91a00, 0x0d342000)
 Metaspace       used 5624K, capacity 5803K, committed 5888K, reserved 6528K
}
Event: 4.823 GC heap before
{Heap before GC invocations=190 (full 4):
 def new generation   total 20288K, used 18048K [0x05200000, 0x06800000, 0x0a750000)
  eden space 18048K, 100% used [0x05200000, 0x063a0000, 0x063a0000)
  from space 2240K,   0% used [0x063a0000, 0x063a0000, 0x065d0000)
  to   space 2240K,   0% used [0x065d0000, 0x065d0000, 0x06800000)
 tenured generation   total 45000K, used 41222K [0x0a750000, 0x0d342000, 0x15200000)
   the space 45000K,  91% used [0x0a750000, 0x0cf919d8, 0x0cf91a00, 0x0d342000)
 Metaspace       used 5624K, capacity 5803K, committed 5888K, reserved 6528K
Event: 4.867 GC heap after
Heap after GC invocations=191 (full 5):
 def new generation   total 20288K, used 2239K [0x05200000, 0x06800000, 0x0a750000)
  eden space 18048K,  12% used [0x05200000, 0x0542fce8, 0x063a0000)
  from space 2240K,   0% used [0x065d0000, 0x065d0000, 0x06800000)
  to   space 2240K,   0% used [0x063a0000, 0x063a0000, 0x065d0000)
 tenured generation   total 53488K, used 53484K [0x0a750000, 0x0db8c000, 0x15200000)
   the space 53488K,  99% used [0x0a750000, 0x0db8b1d8, 0x0db8b200, 0x0db8c000)
 Metaspace       used 5624K, capacity 5803K, committed 5888K, reserved 6528K
}
Event: 4.900 GC heap before
{Heap before GC invocations=191 (full 5):
 def new generation   total 20288K, used 17984K [0x05200000, 0x06800000, 0x0a750000)
  eden space 18048K,  99% used [0x05200000, 0x063902b8, 0x063a0000)
  from space 2240K,   0% used [0x065d0000, 0x065d0000, 0x06800000)
  to   space 2240K,   0% used [0x063a0000, 0x063a0000, 0x065d0000)
 tenured generation   total 53488K, used 53484K [0x0a750000, 0x0db8c000, 0x15200000)
   the space 53488K,  99% used [0x0a750000, 0x0db8b1d8, 0x0db8b200, 0x0db8c000)
 Metaspace       used 5624K, capacity 5803K, committed 5888K, reserved 6528K
Event: 4.963 GC heap after
Heap after GC invocations=192 (full 6):
 def new generation   total 20288K, used 4583K [0x05200000, 0x06800000, 0x0a750000)
  eden space 18048K,  25% used [0x05200000, 0x05679f10, 0x063a0000)
  from space 2240K,   0% used [0x063a0000, 0x063a0000, 0x065d0000)
  to   space 2240K,   0% used [0x065d0000, 0x065d0000, 0x06800000)
 tenured generation   total 63664K, used 63565K [0x0a750000, 0x0e57c000, 0x15200000)
   the space 63664K,  99% used [0x0a750000, 0x0e5636e8, 0x0e563800, 0x0e57c000)
 Metaspace       used 5624K, capacity 5803K, committed 5888K, reserved 6528K
}
Event: 4.991 GC heap before
{Heap before GC invocations=192 (full 6):
 def new generation   total 20288K, used 18048K [0x05200000, 0x06800000, 0x0a750000)
  eden space 18048K, 100% used [0x05200000, 0x063a0000, 0x063a0000)
  from space 2240K,   0% used [0x063a0000, 0x063a0000, 0x065d0000)
  to   space 2240K,   0% used [0x065d0000, 0x065d0000, 0x06800000)
 tenured generation   total 63664K, used 63565K [0x0a750000, 0x0e57c000, 0x15200000)
   the space 63664K,  99% used [0x0a750000, 0x0e5636e8, 0x0e563800, 0x0e57c000)
 Metaspace       used 5624K, capacity 5803K, committed 5888K, reserved 6528K
Event: 5.066 GC heap after
Heap after GC invocations=193 (full 7):
 def new generation   total 20288K, used 10052K [0x05200000, 0x06800000, 0x0a750000)
  eden space 18048K,  55% used [0x05200000, 0x05bd1340, 0x063a0000)
  from space 2240K,   0% used [0x065d0000, 0x065d0000, 0x06800000)
  to   space 2240K,   0% used [0x063a0000, 0x063a0000, 0x065d0000)
 tenured generation   total 68888K, used 68865K [0x0a750000, 0x0ea96000, 0x15200000)
   the space 68888K,  99% used [0x0a750000, 0x0ea90790, 0x0ea90800, 0x0ea96000)
 Metaspace       used 5624K, capacity 5803K, committed 5888K, reserved 6528K
}
Event: 5.082 GC heap before
{Heap before GC invocations=193 (full 7):
 def new generation   total 20288K, used 17844K [0x05200000, 0x06800000, 0x0a750000)
  eden space 18048K,  98% used [0x05200000, 0x0636d0b8, 0x063a0000)
  from space 2240K,   0% used [0x065d0000, 0x065d0000, 0x06800000)
  to   space 2240K,   0% used [0x063a0000, 0x063a0000, 0x065d0000)
 tenured generation   total 68888K, used 68865K [0x0a750000, 0x0ea96000, 0x15200000)
   the space 68888K,  99% used [0x0a750000, 0x0ea90790, 0x0ea90800, 0x0ea96000)
 Metaspace       used 5624K, capacity 5803K, committed 5888K, reserved 6528K

Deoptimization events (0 events):
No events

Internal exceptions (10 events):
Event: 0.082 Thread 0x030fd800 Exception <a 'java/security/PrivilegedActionException'> (0x0559ad58) thrown at [C:\re\workspace\8-2-build-windows-i586-cygwin\jdk8u111\7883\hotspot\src\share\vm\prims\jvm.cpp, line 1386]
Event: 0.082 Thread 0x030fd800 Exception <a 'java/security/PrivilegedActionException'> (0x0559af58) thrown at [C:\re\workspace\8-2-build-windows-i586-cygwin\jdk8u111\7883\hotspot\src\share\vm\prims\jvm.cpp, line 1386]
Event: 0.121 Thread 0x030fd800 Exception <a 'java/security/PrivilegedActionException'> (0x053dd200) thrown at [C:\re\workspace\8-2-build-windows-i586-cygwin\jdk8u111\7883\hotspot\src\share\vm\prims\jvm.cpp, line 1386]
Event: 0.121 Thread 0x030fd800 Exception <a 'java/security/PrivilegedActionException'> (0x053dd400) thrown at [C:\re\workspace\8-2-build-windows-i586-cygwin\jdk8u111\7883\hotspot\src\share\vm\prims\jvm.cpp, line 1386]
Event: 0.122 Thread 0x030fd800 Exception <a 'java/security/PrivilegedActionException'> (0x053e14d8) thrown at [C:\re\workspace\8-2-build-windows-i586-cygwin\jdk8u111\7883\hotspot\src\share\vm\prims\jvm.cpp, line 1386]
Event: 0.122 Thread 0x030fd800 Exception <a 'java/security/PrivilegedActionException'> (0x053e16d8) thrown at [C:\re\workspace\8-2-build-windows-i586-cygwin\jdk8u111\7883\hotspot\src\share\vm\prims\jvm.cpp, line 1386]
Event: 0.126 Thread 0x030fd800 Exception <a 'java/lang/NoClassDefFoundError': org/apache/log4j/Category> (0x0540d198) thrown at [C:\re\workspace\8-2-build-windows-i586-cygwin\jdk8u111\7883\hotspot\src\share\vm\classfile\systemDictionary.cpp, line 199]
Event: 0.161 Thread 0x030fd800 Exception <a 'java/io/FileNotFoundException'> (0x0542f440) thrown at [C:\re\workspace\8-2-build-windows-i586-cygwin\jdk8u111\7883\hotspot\src\share\vm\prims\jni.cpp, line 709]
Event: 0.193 Thread 0x030fd800 Exception <a 'java/lang/NoSuchFieldError': method resolution failed> (0x054ea2a0) thrown at [C:\re\workspace\8-2-build-windows-i586-cygwin\jdk8u111\7883\hotspot\src\share\vm\prims\methodHandles.cpp, line 1146]
Event: 0.194 Thread 0x030fd800 Exception <a 'java/lang/NoSuchFieldError': method resolution failed> (0x054f63b0) thrown at [C:\re\workspace\8-2-build-windows-i586-cygwin\jdk8u111\7883\hotspot\src\share\vm\prims\methodHandles.cpp, line 1146]

Events (10 events):
Event: 4.715 loading class org/apache/pdfbox/pdmodel/PDPage$1 done
Event: 4.740 Executing VM operation: GenCollectForAllocation
Event: 4.783 Executing VM operation: GenCollectForAllocation done
Event: 4.823 Executing VM operation: GenCollectForAllocation
Event: 4.867 Executing VM operation: GenCollectForAllocation done
Event: 4.900 Executing VM operation: GenCollectForAllocation
Event: 4.963 Executing VM operation: GenCollectForAllocation done
Event: 4.991 Executing VM operation: GenCollectForAllocation
Event: 5.066 Executing VM operation: GenCollectForAllocation done
Event: 5.082 Executing VM operation: GenCollectForAllocation


Dynamic libraries:
0x009d0000 - 0x00a03000 	C:\Program Files (x86)\Java\jdk1.8.0_111\bin\java.exe
0x77890000 - 0x77a2a000 	C:\WINDOWS\SYSTEM32\ntdll.dll
0x76380000 - 0x76460000 	C:\WINDOWS\System32\KERNEL32.DLL
0x76ba0000 - 0x76d9e000 	C:\WINDOWS\System32\KERNELBASE.dll
0x71540000 - 0x715df000 	C:\WINDOWS\SYSTEM32\apphelp.dll
0x76a90000 - 0x76b09000 	C:\WINDOWS\System32\ADVAPI32.dll
0x767c0000 - 0x7687f000 	C:\WINDOWS\System32\msvcrt.dll
0x75080000 - 0x750f6000 	C:\WINDOWS\System32\sechost.dll
0x76550000 - 0x7660b000 	C:\WINDOWS\System32\RPCRT4.dll
0x75060000 - 0x75080000 	C:\WINDOWS\System32\SspiCli.dll
0x75050000 - 0x7505a000 	C:\WINDOWS\System32\CRYPTBASE.dll
0x75e70000 - 0x75ecf000 	C:\WINDOWS\System32\bcryptPrimitives.dll
0x761e0000 - 0x76377000 	C:\WINDOWS\System32\USER32.dll
0x761c0000 - 0x761d7000 	C:\WINDOWS\System32\win32u.dll
0x75d20000 - 0x75d41000 	C:\WINDOWS\System32\GDI32.dll
0x77160000 - 0x772bb000 	C:\WINDOWS\System32\gdi32full.dll
0x75150000 - 0x751cc000 	C:\WINDOWS\System32\msvcp_win.dll
0x77040000 - 0x7715f000 	C:\WINDOWS\System32\ucrtbase.dll
0x74a50000 - 0x74c5f000 	C:\WINDOWS\WinSxS\x86_microsoft.windows.common-controls_6595b64144ccf1df_6.0.18362.900_none_2e6bf0b02790a61d\COMCTL32.dll
0x75ed0000 - 0x76145000 	C:\WINDOWS\System32\combase.dll
0x75120000 - 0x75145000 	C:\WINDOWS\System32\IMM32.DLL
0x50410000 - 0x504cf000 	C:\Program Files (x86)\Java\jdk1.8.0_111\jre\bin\msvcr100.dll
0x505e0000 - 0x509ad000 	C:\Program Files (x86)\Java\jdk1.8.0_111\jre\bin\client\jvm.dll
0x761b0000 - 0x761b6000 	C:\WINDOWS\System32\PSAPI.DLL
0x51450000 - 0x51458000 	C:\WINDOWS\SYSTEM32\WSOCK32.dll
0x74d70000 - 0x74d94000 	C:\WINDOWS\SYSTEM32\WINMM.dll
0x74280000 - 0x74288000 	C:\WINDOWS\SYSTEM32\VERSION.dll
0x76eb0000 - 0x76f0e000 	C:\WINDOWS\System32\WS2_32.dll
0x74ca0000 - 0x74cc3000 	C:\WINDOWS\SYSTEM32\winmmbase.dll
0x772e0000 - 0x7731b000 	C:\WINDOWS\System32\cfgmgr32.dll
0x51440000 - 0x5144c000 	C:\Program Files (x86)\Java\jdk1.8.0_111\jre\bin\verify.dll
0x503a0000 - 0x503c1000 	C:\Program Files (x86)\Java\jdk1.8.0_111\jre\bin\java.dll
0x50540000 - 0x50553000 	C:\Program Files (x86)\Java\jdk1.8.0_111\jre\bin\zip.dll
0x757a0000 - 0x75d19000 	C:\WINDOWS\System32\SHELL32.dll
0x764c0000 - 0x76544000 	C:\WINDOWS\System32\shcore.dll
0x751d0000 - 0x75796000 	C:\WINDOWS\System32\windows.storage.dll
0x75e50000 - 0x75e6b000 	C:\WINDOWS\System32\profapi.dll
0x76460000 - 0x764a3000 	C:\WINDOWS\System32\powrprof.dll
0x772c0000 - 0x772cd000 	C:\WINDOWS\System32\UMPDC.dll
0x76770000 - 0x767b4000 	C:\WINDOWS\System32\shlwapi.dll
0x772d0000 - 0x772df000 	C:\WINDOWS\System32\kernel.appcore.dll
0x75100000 - 0x75113000 	C:\WINDOWS\System32\cryptsp.dll
0x77eb0000 - 0x77ff6000 	C:\Program Files (x86)\Java\jdk1.8.0_111\jre\bin\awt.dll
0x769f0000 - 0x76a82000 	C:\WINDOWS\System32\OLEAUT32.dll
0x7b370000 - 0x7b3a0000 	C:\Program Files (x86)\Java\jdk1.8.0_111\jre\bin\lcms.dll
0x71610000 - 0x7179f000 	C:\WINDOWS\SYSTEM32\dbghelp.dll

VM Arguments:
jvm_args: -Dfile.encoding=UTF-8 
java_command: puebas.SplittingPDF
java_class_path (initial): C:\Users\User\Documents\NetBeansProjects\ERP_SC_Almacen\libreria\sqljdbc4-2.0.jar;C:\Users\User\Documents\NetBeansProjects\ERP_SC_Almacen\libreria\gson-2.8.6-sources.jar;C:\Users\User\Documents\NetBeansProjects\ERP_SC_Almacen\libreria\json-20190722.jar;C:\Users\User\Documents\NetBeansProjects\ERP_SC_Almacen\libreria\poi-excelant-3.12-20150511.jar;C:\Users\User\Documents\NetBeansProjects\ERP_SC_Almacen\libreria\poi-scratchpad-3.12-20150511.jar;C:\Users\User\Documents\NetBeansProjects\ERP_SC_Almacen\libreria\commons-beanutils-1.8.2.jar;C:\Users\User\Documents\NetBeansProjects\ERP_SC_Almacen\libreria\commons-collections-3.2.1.jar;C:\Users\User\Documents\NetBeansProjects\ERP_SC_Almacen\libreria\commons-digester-2.1.jar;C:\Users\User\Documents\NetBeansProjects\ERP_SC_Almacen\libreria\commons-javaflow-20060411.jar;C:\Users\User\Documents\NetBeansProjects\ERP_SC_Almacen\libreria\commons-logging-1.1.jar;C:\Users\User\Documents\NetBeansProjects\ERP_SC_Almacen\libreria\groovy-all-2.0.1.jar;C:\Users\User\Documents\NetBeansProjects\ERP_SC_Almacen\libreria\jasperreports-5.6.0.jar;C:\Users\User\Documents\NetBeansProjects\ERP_SC_Almacen\libreria\jasperreports-fonts-5.6.0.jar;C:\Users\User\Documents\NetBeansProjects\ERP_SC_Almacen\libreria\png-encoder-1.5.jar;C:\Users\User\Documents\NetBeansProjects\ERP_SC_Almacen\libreria\PDFOne.jar;C:\Users\User\Documents\NetBeansProjects\ERP_SC_Almacen\libreria\PDFOneJavaViewer_Executable.jar;C:\Users\User\Documents\NetBeansProjects\ERP_SC_Almacen\libreria\Util.jar;C:\Users\User\Documents\NetBeansProjects\ERP_SC_Almacen\libreria\bcpkix-jdk14.jar;C:\Users\User\Documents\NetBeansProjects\ERP_SC_Almacen\libreria\bcprov-ext-jdk14.jar;C:\Users\User\Documents\NetBeansProjects\ERP_SC_Almacen\libreria\bcprov-jdk14.jar;C:\Users\User\Documents\NetBeansProjects\ERP_SC_Almacen\libreria\fontbox-2.0.3.jar;C:\Users\User\Documents\NetBeansProjects\ERP_SC_Almacen\libreria\iText-2.1.7.js2.jar;C:\Users\User\Documents\NetBeansProjects\E
Launcher Type: SUN_STANDARD

Environment Variables:
PATH=C:\Program Files (x86)\Common Files\Oracle\Java\javapath;C:\WINDOWS\system32;C:\WINDOWS;C:\WINDOWS\System32\Wbem;C:\WINDOWS\System32\WindowsPowerShell\v1.0\;C:\Program Files\Microsoft SQL Server\110\Tools\Binn\;C:\WINDOWS\System32\OpenSSH\;C:\Program Files (x86)\HP\Common\HPDestPlgIn\;C:\Program Files\Microsoft SQL Server\120\Tools\Binn\;C:\Program Files\Microsoft SQL Server\Client SDK\ODBC\110\Tools\Binn\;C:\Program Files (x86)\Microsoft SQL Server\120\Tools\Binn\;C:\Program Files\Microsoft SQL Server\120\DTS\Binn\;C:\Program Files (x86)\Microsoft SQL Server\120\Tools\Binn\ManagementStudio\;C:\Program Files (x86)\Microsoft SQL Server\120\DTS\Binn\;C:\Users\User\AppData\Local\Microsoft\WindowsApps;C:\Program Files (x86)\HP\Common\HPDestPlgIn\;
USERNAME=User
OS=Windows_NT
PROCESSOR_IDENTIFIER=Intel64 Family 6 Model 158 Stepping 10, GenuineIntel



---------------  S Y S T E M  ---------------

OS: Windows 10.0 , 64 bit Build 18362 (10.0.18362.900)

CPU:total 6 (6 cores per cpu, 1 threads per core) family 6 model 158 stepping 10, cmov, cx8, fxsr, mmx, sse, sse2, sse3, ssse3, sse4.1, sse4.2, popcnt, avx, avx2, aes, clmul, erms, 3dnowpref, lzcnt, tsc, tscinvbit, bmi1, bmi2, adx

Memory: 4k page, physical 4052428k(332928k free), swap 11536712k(1140k free)

vm_info: Java HotSpot(TM) Client VM (25.111-b14) for windows-x86 JRE (1.8.0_111-b14), built on Sep 22 2016 18:54:33 by "java_re" with MS VC++ 10.0 (VS2010)

time: Fri Jun 12 11:30:28 2020
elapsed time: 5 seconds (0d 0h 0m 5s)

